saving to subjects/MEG_000000_20220707_tc.txt
PTB-WARNING: ==============================================================================================================================
PTB-WARNING: WINDOWS DWM DESKTOP COMPOSITOR IS ACTIVE! ALL FLIP STIMULUS ONSET TIMESTAMPS WILL BE VERY LIKELY UNRELIABLE AND LESS ACCURATE!
PTB-WARNING: STIMULUS ONSET TIMING WILL BE UNRELIABLE AS WELL, AND GRAPHICS PERFORMANCE MAY BE SEVERELY REDUCED! STIMULUS IMAGES MAY NOT
PTB-WARNING: SHOW UP AT ALL! DO NOT USE THIS MODE FOR RUNNING REAL EXPERIMENT SESSIONS WITH ANY REQUIREMENTS FOR ACCURATE TIMING!
PTB-WARNING: ==============================================================================================================================

WARNING: Couldn't compute a reliable estimate of monitor refresh interval! Trouble with VBL syncing?!?


----- ! PTB - ERROR: SYNCHRONIZATION FAILURE ! -----

One or more internal checks (see Warnings above) indicate that synchronization
of Psychtoolbox to the vertical retrace (VBL) is not working on your setup.

This will seriously impair proper stimulus presentation and stimulus presentation timing!
Please read 'help SyncTrouble' for information about how to solve or work-around the problem.
You can force Psychtoolbox to continue, despite the severe problems, by adding the command
Screen('Preference', 'SkipSyncTests', 1); at the top of your script, if you really know what you are doing.


NOT USING SOUND
<a href="matlab: opentoline('C:\Users\STIMULUS\Documents\GitHub\CogEmoFaceReward\MEGClockTask\private\sendTrigger.m',10,1)">10  </a>  if(opts.USEDAQ==1)
ShowCursor()

ans =

     0

opts.USEDAQ

ans =

     1

if system_dependent('IsDebugMode')==1, dbquit all; end
close all
clear all
EEGClockTask('000000',1)
             DEBUG: 0
              test: 0
               MEG: 1
           trigger: 1
            USEDAQ: 1
             sound: 0
     totalSessions: 1
          emofuncs: {8×1 cell}
         stimtimes: [1×1 struct]
          numfaces: 21
    trialsPerBlock: 63
          fixation: 1500
            screen: [1280 1024]

rundate: 20220707
subjects/MEG_000000_20220707_tc.txt exists, but (subjects/MEG_000000_20220707_tc.mat) does not!
moving subjects/MEG_000000_20220707_tc.txt to subjects/MEG_000000_20220707_tc.txt.18487.218.bak, start from top
generating ITI timing...
generating ISI timing...
generating non-repeat face emotion + reward function order...
	1 scram  DEV
	2 happy  IEV
	3 scram  CEV
	4 happy  DEV
	5  fear  IEV
	6 scram CEVR
	7  fear  DEV
	8 scram  IEV



Enter the subject's age: 22
Enter subject's gender (m or f): m
Subject is male

subject = 

  <a href="matlab:helpPopup struct" style="font-weight:bold">struct</a> with fields:

       subj_id: '000000'
       run_num: 1
      trialnum: 1
         score: 0
        timing: [1×505 struct]
         order: {504×1 cell}
      run_date: 20220707
      filename: 'subjects/MEG_000000_20220707_tc'
       matfile: 'subjects/MEG_000000_20220707_tc.mat'
       txtfile: 'subjects/MEG_000000_20220707_tc.txt'
    experiment: {1×6 cell}
    blockTrial: [0 0 0 0 0 0 0 0]
           age: 22
        gender: 'male'


subject = 

  <a href="matlab:helpPopup struct" style="font-weight:bold">struct</a> with fields:

       subj_id: '000000'
       run_num: 1
      trialnum: 1
         score: 0
        timing: [1×505 struct]
         order: {504×1 cell}
      run_date: 20220707
      filename: 'subjects/MEG_000000_20220707_tc'
       matfile: 'subjects/MEG_000000_20220707_tc.mat'
       txtfile: 'subjects/MEG_000000_20220707_tc.txt'
    experiment: {1×6 cell}
    blockTrial: [0 0 0 0 0 0 0 0]
           age: 22
        gender: 'male'


subject = 

  <a href="matlab:helpPopup struct" style="font-weight:bold">struct</a> with fields:

        subj_id: '000000'
        run_num: 1
       trialnum: 1
          score: 0
         timing: [1×505 struct]
          order: {504×1 cell}
       run_date: 20220707
       filename: 'subjects/MEG_000000_20220707_tc'
        matfile: 'subjects/MEG_000000_20220707_tc.mat'
        txtfile: 'subjects/MEG_000000_20220707_tc.txt'
     experiment: {1×6 cell}
     blockTrial: [0 0 0 0 0 0 0 0]
            age: 22
         gender: 'male'
    blockColors: [8×3 double]

