saving to subjects/MEG_000000_20220707_tc.txt
PTB-INFO: ==============================================================================================================================
PTB-INFO: WINDOWS DWM DESKTOP COMPOSITOR IS ACTIVE. On this Windows-10 or later system, Psychtoolbox can no longer reliably detect if
PTB-INFO: this will cause trouble for timing and integrity of visual stimuli or not. You might be just fine, or you could be in trouble.
PTB-INFO: Use external measurement equipment and independent procedures to verify reliability of timing if you care about proper timing.
PTB-INFO: ==============================================================================================================================
NOT USING SOUND


PTB-ERROR: Screen('Flip'); beamposition timestamping computed an *impossible stimulus onset value* of 511.759690 secs, which would indicate that
PTB-ERROR: stimulus onset happened *before* it was actually requested! (Earliest theoretically possible 511.761150 secs).

PTB-ERROR: Some more diagnostic values (only for experts): rawTimestamp = 511.763412, scanline = 771
PTB-ERROR: Some more diagnostic values (only for experts): line_pre_swaprequest = 290, line_post_swaprequest = 314, time_post_swaprequest = 511.761263
PTB-ERROR: Some more diagnostic values (only for experts): preflip_vblcount = 0, preflip_vbltimestamp = 511.759753
PTB-ERROR: Some more diagnostic values (only for experts): postflip_vblcount = 0, postflip_vbltimestamp = -1.000000, vbltimestampquery_retrycount = 0

PTB-ERROR: This error can be due to either of the following causes:
PTB-ERROR: Very unlikely: Something is broken in your systems beamposition timestamping. I've disabled high precision
PTB-ERROR: timestamping for now. Returned timestamps will be less robust and accurate.

PTB-ERROR: The most likely cause would be that Synchronization of stimulus onset (buffer swap) to the
PTB-ERROR: vertical blank interval VBL is not working properly, or swap completion signalling to PTB is broken.
PTB-ERROR: Please run the script PerceptualVBLSyncTest to check this. With non-working sync to VBL, all stimulus timing
PTB-ERROR: is futile. Also run OSXCompositorIdiocyTest on macOS. Also read 'help SyncTrouble' !
1  CEV:: ev= 35.50; Mag= 47.00; Freq: 0.75; rand: 0.82; inc:   0; pts:: block:   0; total:     0
{Error using <a href="matlab:matlab.internal.language.introspective.errorDocCallback('sendTrigger')" style="font-weight:bold">sendTrigger</a>
Error using <a href="matlab:matlab.internal.language.introspective.errorDocCallback('sendTrigger')" style="font-weight:bold">sendTrigger</a>
Expected input number 2, data, to be one of these types:

double, single, uint8, uint16, uint32, uint64, int8, int16, int32, int64, string, char

Instead its type was logical.

Error in <a href="matlab:matlab.internal.language.introspective.errorDocCallback('EEGClockTask/scoreRxt', 'C:\Users\STIMULUS\Documents\GitHub\CogEmoFaceReward\MEGClockTask\EEGClockTask.m', 822)" style="font-weight:bold">EEGClockTask/scoreRxt</a> (<a href="matlab: opentoline('C:\Users\STIMULUS\Documents\GitHub\CogEmoFaceReward\MEGClockTask\EEGClockTask.m',822,0)">line 822</a>)
        if(~isempty(varargin)), sendTrigger(COM4,varargin{1} + 4*inc>0), end

Error in <a href="matlab:matlab.internal.language.introspective.errorDocCallback('EEGClockTask', 'C:\Users\STIMULUS\Documents\GitHub\CogEmoFaceReward\MEGClockTask\EEGClockTask.m', 364)" style="font-weight:bold">EEGClockTask</a> (<a href="matlab: opentoline('C:\Users\STIMULUS\Documents\GitHub\CogEmoFaceReward\MEGClockTask\EEGClockTask.m',364,0)">line 364</a>)
        scoreRxt(rspnstime,rew,trigger.(rew).(emo).score);
} 
opentoline('C:\Users\STIMULUS\Documents\GitHub\CogEmoFaceReward\MEGClockTask\EEGClockTask.m',822,0)
EEGClockTask('000000',1)
             DEBUG: 0
              test: 0
               MEG: 1
           trigger: 1
            USEDAQ: 1
             sound: 0
     totalSessions: 1
          emofuncs: {8×1 cell}
         stimtimes: [1×1 struct]
          numfaces: 21
    trialsPerBlock: 63
          fixation: 1500
            screen: [2560 1440]

rundate: 20220707
subjects/MEG_000000_20220707_tc.txt exists, but (subjects/MEG_000000_20220707_tc.mat) does not!
moving subjects/MEG_000000_20220707_tc.txt to subjects/MEG_000000_20220707_tc.txt.615.5611.bak, start from top
using old age: 22
Subject is male
1: 1/63
2: 0/63
3: 0/63
4: 0/63
5: 0/63
6: 0/63
7: 0/63
8: 0/63
Do you want to redo run 1 ? (y or n) y

subject = 

  <a href="matlab:helpPopup struct" style="font-weight:bold">struct</a> with fields:

        subj_id: '000000'
        run_num: 1
       trialnum: 1
          score: 0
         timing: [1×505 struct]
          order: {504×1 cell}
       run_date: 20220707
       filename: 'subjects/MEG_000000_20220707_tc'
        matfile: 'subjects/MEG_000000_20220707_tc.mat'
        txtfile: 'subjects/MEG_000000_20220707_tc.txt'
     experiment: {1×6 cell}
     blockTrial: [1 0 0 0 0 0 0 0]
            age: 22
         gender: 'male'
    blockColors: [8×3 double]


subject = 

  <a href="matlab:helpPopup struct" style="font-weight:bold">struct</a> with fields:

        subj_id: '000000'
        run_num: 1
       trialnum: 1
          score: 0
         timing: [1×505 struct]
          order: {504×1 cell}
       run_date: 20220707
       filename: 'subjects/MEG_000000_20220707_tc'
        matfile: 'subjects/MEG_000000_20220707_tc.mat'
        txtfile: 'subjects/MEG_000000_20220707_tc.txt'
     experiment: {1×6 cell}
     blockTrial: [1 0 0 0 0 0 0 0]
            age: 22
         gender: 'male'
    blockColors: [8×3 double]


subject = 

  <a href="matlab:helpPopup struct" style="font-weight:bold">struct</a> with fields:

        subj_id: '000000'
        run_num: 1
       trialnum: 1
          score: 0
         timing: [1×505 struct]
          order: {504×1 cell}
       run_date: 20220707
       filename: 'subjects/MEG_000000_20220707_tc'
        matfile: 'subjects/MEG_000000_20220707_tc.mat'
        txtfile: 'subjects/MEG_000000_20220707_tc.txt'
     experiment: {1×6 cell}
     blockTrial: [1 0 0 0 0 0 0 0]
            age: 22
         gender: 'male'
    blockColors: [8×3 double]

